# JRE version: OpenJDK Runtime Environment (8.0_202-b03) (build 1.8.0_202-release-1483-b03)
# Java VM: OpenJDK 64-Bit Server VM (25.202-b03 mixed mode windows-amd64 compressed oops)
Heap:
 PSYoungGen      total 131584K, used 38233K [0x00000000e0000000, 0x00000000ead00000, 0x0000000100000000)
  eden space 121856K, 25% used [0x00000000e0000000,0x00000000e1e7da90,0x00000000e7700000)
  from space 9728K, 72% used [0x00000000e8280000,0x00000000e8958c78,0x00000000e8c00000)
  to   space 11776K, 0% used [0x00000000e7700000,0x00000000e7700000,0x00000000e8280000)
 ParOldGen       total 43008K, used 9884K [0x00000000a0000000, 0x00000000a2a00000, 0x00000000e0000000)
  object space 43008K, 22% used [0x00000000a0000000,0x00000000a09a7250,0x00000000a2a00000)
 Metaspace       used 32049K, capacity 32698K, committed 32896K, reserved 1077248K
  class space    used 4282K, capacity 4460K, committed 4480K, reserved 1048576K
GC Heap History (10 events):
Event: 61.829 GC heap before
{Heap before GC invocations=5 (full 0):
 PSYoungGen      total 66048K, used 41911K [0x00000000e0000000, 0x00000000e4300000, 0x0000000100000000)
  eden space 63488K, 62% used [0x00000000e0000000,0x00000000e2671ed0,0x00000000e3e00000)
  from space 2560K, 99% used [0x00000000e4080000,0x00000000e42fc030,0x00000000e4300000)
  to   space 2560K, 0% used [0x00000000e3e00000,0x00000000e3e00000,0x00000000e4080000)
 ParOldGen       total 42496K, used 7763K [0x00000000a0000000, 0x00000000a2980000, 0x00000000e0000000)
  object space 42496K, 18% used [0x00000000a0000000,0x00000000a0794f98,0x00000000a2980000)
 Metaspace       used 20634K, capacity 21084K, committed 21248K, reserved 1067008K
  class space    used 2808K, capacity 2976K, committed 3072K, reserved 1048576K
Event: 62.589 GC heap after
Heap after GC invocations=5 (full 0):
 PSYoungGen      total 66048K, used 2536K [0x00000000e0000000, 0x00000000e9000000, 0x0000000100000000)
  eden space 63488K, 0% used [0x00000000e0000000,0x00000000e0000000,0x00000000e3e00000)
  from space 2560K, 99% used [0x00000000e3e00000,0x00000000e407a0f0,0x00000000e4080000)
  to   space 10240K, 0% used [0x00000000e8600000,0x00000000e8600000,0x00000000e9000000)
 ParOldGen       total 42496K, used 13396K [0x00000000a0000000, 0x00000000a2980000, 0x00000000e0000000)
  object space 42496K, 31% used [0x00000000a0000000,0x00000000a0d152a0,0x00000000a2980000)
 Metaspace       used 20634K, capacity 21084K, committed 21248K, reserved 1067008K
  class space    used 2808K, capacity 2976K, committed 3072K, reserved 1048576K
}
Event: 62.591 GC heap before
{Heap before GC invocations=6 (full 1):
 PSYoungGen      total 66048K, used 2536K [0x00000000e0000000, 0x00000000e9000000, 0x0000000100000000)
  eden space 63488K, 0% used [0x00000000e0000000,0x00000000e0000000,0x00000000e3e00000)
  from space 2560K, 99% used [0x00000000e3e00000,0x00000000e407a0f0,0x00000000e4080000)
  to   space 10240K, 0% used [0x00000000e8600000,0x00000000e8600000,0x00000000e9000000)
 ParOldGen       total 42496K, used 13396K [0x00000000a0000000, 0x00000000a2980000, 0x00000000e0000000)
  object space 42496K, 31% used [0x00000000a0000000,0x00000000a0d152a0,0x00000000a2980000)
 Metaspace       used 20634K, capacity 21084K, committed 21248K, reserved 1067008K
  class space    used 2808K, capacity 2976K, committed 3072K, reserved 1048576K
Event: 64.115 GC heap after
Heap after GC invocations=6 (full 1):
 PSYoungGen      total 66048K, used 0K [0x00000000e0000000, 0x00000000e9000000, 0x0000000100000000)
  eden space 63488K, 0% used [0x00000000e0000000,0x00000000e0000000,0x00000000e3e00000)
  from space 2560K, 0% used [0x00000000e3e00000,0x00000000e3e00000,0x00000000e4080000)
  to   space 10240K, 0% used [0x00000000e8600000,0x00000000e8600000,0x00000000e9000000)
 ParOldGen       total 43008K, used 9868K [0x00000000a0000000, 0x00000000a2a00000, 0x00000000e0000000)
  object space 43008K, 22% used [0x00000000a0000000,0x00000000a09a3250,0x00000000a2a00000)
 Metaspace       used 20634K, capacity 21084K, committed 21248K, reserved 1067008K
  class space    used 2808K, capacity 2976K, committed 3072K, reserved 1048576K
}
Event: 91.898 GC heap before
{Heap before GC invocations=7 (full 1):
 PSYoungGen      total 66048K, used 63488K [0x00000000e0000000, 0x00000000e9000000, 0x0000000100000000)
  eden space 63488K, 100% used [0x00000000e0000000,0x00000000e3e00000,0x00000000e3e00000)
  from space 2560K, 0% used [0x00000000e3e00000,0x00000000e3e00000,0x00000000e4080000)
  to   space 10240K, 0% used [0x00000000e8600000,0x00000000e8600000,0x00000000e9000000)
 ParOldGen       total 43008K, used 9868K [0x00000000a0000000, 0x00000000a2a00000, 0x00000000e0000000)
  object space 43008K, 22% used [0x00000000a0000000,0x00000000a09a3250,0x00000000a2a00000)
 Metaspace       used 27574K, capacity 28068K, committed 28288K, reserved 1073152K
  class space    used 3717K, capacity 3891K, committed 3968K, reserved 1048576K
Event: 92.404 GC heap after
Heap after GC invocations=7 (full 1):
 PSYoungGen      total 95744K, used 7276K [0x00000000e0000000, 0x00000000e8d80000, 0x0000000100000000)
  eden space 88064K, 0% used [0x00000000e0000000,0x00000000e0000000,0x00000000e5600000)
  from space 7680K, 94% used [0x00000000e8600000,0x00000000e8d1b3c8,0x00000000e8d80000)
  to   space 10752K, 0% used [0x00000000e7880000,0x00000000e7880000,0x00000000e8300000)
 ParOldGen       total 43008K, used 9876K [0x00000000a0000000, 0x00000000a2a00000, 0x00000000e0000000)
  object space 43008K, 22% used [0x00000000a0000000,0x00000000a09a5250,0x00000000a2a00000)
 Metaspace       used 27574K, capacity 28068K, committed 28288K, reserved 1073152K
  class space    used 3717K, capacity 3891K, committed 3968K, reserved 1048576K
}
Event: 118.759 GC heap before
{Heap before GC invocations=8 (full 1):
 PSYoungGen      total 95744K, used 95340K [0x00000000e0000000, 0x00000000e8d80000, 0x0000000100000000)
  eden space 88064K, 100% used [0x00000000e0000000,0x00000000e5600000,0x00000000e5600000)
  from space 7680K, 94% used [0x00000000e8600000,0x00000000e8d1b3c8,0x00000000e8d80000)
  to   space 10752K, 0% used [0x00000000e7880000,0x00000000e7880000,0x00000000e8300000)
 ParOldGen       total 43008K, used 9876K [0x00000000a0000000, 0x00000000a2a00000, 0x00000000e0000000)
  object space 43008K, 22% used [0x00000000a0000000,0x00000000a09a5250,0x00000000a2a00000)
 Metaspace       used 27973K, capacity 28484K, committed 28800K, reserved 1075200K
  class space    used 3771K, capacity 3923K, committed 3968K, reserved 1048576K
Event: 118.898 GC heap after
Heap after GC invocations=8 (full 1):
 PSYoungGen      total 129024K, used 10144K [0x00000000e0000000, 0x00000000e8c00000, 0x0000000100000000)
  eden space 118784K, 0% used [0x00000000e0000000,0x00000000e0000000,0x00000000e7400000)
  from space 10240K, 99% used [0x00000000e7880000,0x00000000e8268070,0x00000000e8280000)
  to   space 9728K, 0% used [0x00000000e8280000,0x00000000e8280000,0x00000000e8c00000)
 ParOldGen       total 43008K, used 9876K [0x00000000a0000000, 0x00000000a2a00000, 0x00000000e0000000)
  object space 43008K, 22% used [0x00000000a0000000,0x00000000a09a5250,0x00000000a2a00000)
 Metaspace       used 27973K, capacity 28484K, committed 28800K, reserved 1075200K
  class space    used 3771K, capacity 3923K, committed 3968K, reserved 1048576K
}
Event: 137.400 GC heap before
{Heap before GC invocations=9 (full 1):
 PSYoungGen      total 129024K, used 128928K [0x00000000e0000000, 0x00000000e8c00000, 0x0000000100000000)
  eden space 118784K, 100% used [0x00000000e0000000,0x00000000e7400000,0x00000000e7400000)
  from space 10240K, 99% used [0x00000000e7880000,0x00000000e8268070,0x00000000e8280000)
  to   space 9728K, 0% used [0x00000000e8280000,0x00000000e8280000,0x00000000e8c00000)
 ParOldGen       total 43008K, used 9876K [0x00000000a0000000, 0x00000000a2a00000, 0x00000000e0000000)
  object space 43008K, 22% used [0x00000000a0000000,0x00000000a09a5250,0x00000000a2a00000)
 Metaspace       used 30081K, capacity 30706K, committed 30848K, reserved 1075200K
  class space    used 3956K, capacity 4119K, committed 4224K, reserved 1048576K
Event: 137.433 GC heap after
Heap after GC invocations=9 (full 1):
 PSYoungGen      total 131584K, used 7011K [0x00000000e0000000, 0x00000000ead00000, 0x0000000100000000)
  eden space 121856K, 0% used [0x00000000e0000000,0x00000000e0000000,0x00000000e7700000)
  from space 9728K, 72% used [0x00000000e8280000,0x00000000e8958c78,0x00000000e8c00000)
  to   space 11776K, 0% used [0x00000000e7700000,0x00000000e7700000,0x00000000e8280000)
 ParOldGen       total 43008K, used 9884K [0x00000000a0000000, 0x00000000a2a00000, 0x00000000e0000000)
  object space 43008K, 22% used [0x00000000a0000000,0x00000000a09a7250,0x00000000a2a00000)
 Metaspace       used 30081K, capacity 30706K, committed 30848K, reserved 1075200K
  class space    used 3956K, capacity 4119K, committed 4224K, reserved 1048576K
}

